app/build/intermediates/manifest_merge_blame_file/release/manifest-merger-blame-release-report.txt
1<?xml version="1.0" encoding="utf-8"?>
2<manifest xmlns:android="http://schemas.android.com/apk/res/android"
3    package="com.etc.aihelper"
4    android:versionCode="1"
5    android:versionName="0.1" >
6
7    <uses-sdk
8        android:minSdkVersion="21"
8-->src/main/AndroidManifest.xml
9        android:targetSdkVersion="33" />
9-->src/main/AndroidManifest.xml
10
11    <uses-permission android:name="android.permission.INTERNET" />
11-->src/main/AndroidManifest.xml:5:5-67
11-->src/main/AndroidManifest.xml:5:22-64
12    <uses-permission android:name="android.permission.ACCESS_NETWORK_STATE" />
12-->src/main/AndroidManifest.xml:6:5-79
12-->src/main/AndroidManifest.xml:6:22-76
13    <uses-permission android:name="android.permission.REQUEST_INSTALL_PACKAGES" />
13-->src/main/AndroidManifest.xml:7:5-83
13-->src/main/AndroidManifest.xml:7:22-80
14    <uses-permission android:name="android.permission.FOREGROUND_SERVICE" />
14-->src/main/AndroidManifest.xml:8:5-77
14-->src/main/AndroidManifest.xml:8:22-74
15    <uses-permission android:name="android.permission.WAKE_LOCK" />
15-->src/main/AndroidManifest.xml:9:5-68
15-->src/main/AndroidManifest.xml:9:22-65
16    <uses-permission
16-->src/main/AndroidManifest.xml:10:5-11:38
17        android:name="android.permission.READ_EXTERNAL_STORAGE"
17-->src/main/AndroidManifest.xml:10:22-77
18        android:maxSdkVersion="32" />
18-->src/main/AndroidManifest.xml:11:9-35
19    <uses-permission
19-->src/main/AndroidManifest.xml:12:5-13:38
20        android:name="android.permission.WRITE_EXTERNAL_STORAGE"
20-->src/main/AndroidManifest.xml:12:22-78
21        android:maxSdkVersion="29" />
21-->src/main/AndroidManifest.xml:13:9-35
22
23    <permission
23-->[androidx.core:core:1.9.0] AndroidManifest.xml:22:5-24:47
24        android:name="com.etc.aihelper.DYNAMIC_RECEIVER_NOT_EXPORTED_PERMISSION"
24-->[androidx.core:core:1.9.0] AndroidManifest.xml:23:9-81
25        android:protectionLevel="signature" />
25-->[androidx.core:core:1.9.0] AndroidManifest.xml:24:9-44
26
27    <uses-permission android:name="com.etc.aihelper.DYNAMIC_RECEIVER_NOT_EXPORTED_PERMISSION" />
27-->[androidx.core:core:1.9.0] AndroidManifest.xml:26:5-97
27-->[androidx.core:core:1.9.0] AndroidManifest.xml:26:22-94
28
29    <application
29-->src/main/AndroidManifest.xml:15:5-64:19
30        android:name="com.etc.aihelper.App"
30-->src/main/AndroidManifest.xml:16:9-28
31        android:allowBackup="true"
31-->src/main/AndroidManifest.xml:17:9-35
32        android:appComponentFactory="androidx.core.app.CoreComponentFactory"
32-->[androidx.core:core:1.9.0] AndroidManifest.xml:28:18-86
33        android:icon="@mipmap/ic_launcher"
33-->src/main/AndroidManifest.xml:18:9-43
34        android:label="@string/app_name"
34-->src/main/AndroidManifest.xml:19:9-41
35        android:roundIcon="@mipmap/ic_launcher_round"
35-->src/main/AndroidManifest.xml:20:9-54
36        android:supportsRtl="true"
36-->src/main/AndroidManifest.xml:21:9-35
37        android:theme="@style/Theme.AIHelper"
37-->src/main/AndroidManifest.xml:22:9-46
38        android:usesCleartextTraffic="true" >
38-->src/main/AndroidManifest.xml:23:9-44
39        <activity
39-->src/main/AndroidManifest.xml:26:9-34:20
40            android:name="com.etc.aihelper.MainActivity"
40-->src/main/AndroidManifest.xml:27:13-41
41            android:configChanges="orientation|screenSize|keyboardHidden"
41-->src/main/AndroidManifest.xml:29:13-74
42            android:exported="true" >
42-->src/main/AndroidManifest.xml:28:13-36
43            <intent-filter>
43-->src/main/AndroidManifest.xml:30:13-33:29
44                <action android:name="android.intent.action.MAIN" />
44-->src/main/AndroidManifest.xml:31:17-69
44-->src/main/AndroidManifest.xml:31:25-66
45
46                <category android:name="android.intent.category.LAUNCHER" />
46-->src/main/AndroidManifest.xml:32:17-77
46-->src/main/AndroidManifest.xml:32:27-74
47            </intent-filter>
48        </activity>
49        <activity
49-->src/main/AndroidManifest.xml:36:9-79
50            android:name="com.etc.aihelper.SettingsActivity"
50-->src/main/AndroidManifest.xml:36:19-51
51            android:exported="false" />
51-->src/main/AndroidManifest.xml:36:52-76
52        <activity
52-->src/main/AndroidManifest.xml:37:9-38:58
53            android:name="com.etc.aihelper.ChatActivity"
53-->src/main/AndroidManifest.xml:37:19-47
54            android:exported="false"
54-->src/main/AndroidManifest.xml:37:48-72
55            android:windowSoftInputMode="adjustResize" />
55-->src/main/AndroidManifest.xml:38:13-55
56        <activity
56-->src/main/AndroidManifest.xml:39:9-76
57            android:name="com.etc.aihelper.LoginActivity"
57-->src/main/AndroidManifest.xml:39:19-48
58            android:exported="false" />
58-->src/main/AndroidManifest.xml:39:49-73
59        <activity
59-->src/main/AndroidManifest.xml:40:9-76
60            android:name="com.etc.aihelper.ApplyActivity"
60-->src/main/AndroidManifest.xml:40:19-48
61            android:exported="false" />
61-->src/main/AndroidManifest.xml:40:49-73
62
63        <service
63-->src/main/AndroidManifest.xml:42:9-53:19
64            android:name="com.etc.aihelper.MyAccessibilityService"
64-->src/main/AndroidManifest.xml:43:13-51
65            android:exported="true"
65-->src/main/AndroidManifest.xml:44:13-36
66            android:label="@string/accessibility_label"
66-->src/main/AndroidManifest.xml:45:13-56
67            android:permission="android.permission.BIND_ACCESSIBILITY_SERVICE" >
67-->src/main/AndroidManifest.xml:46:13-79
68            <intent-filter>
68-->src/main/AndroidManifest.xml:47:13-49:29
69                <action android:name="android.accessibilityservice.AccessibilityService" />
69-->src/main/AndroidManifest.xml:48:17-92
69-->src/main/AndroidManifest.xml:48:25-89
70            </intent-filter>
71
72            <meta-data
72-->src/main/AndroidManifest.xml:50:13-52:72
73                android:name="android.accessibilityservice"
73-->src/main/AndroidManifest.xml:51:17-60
74                android:resource="@xml/accessibility_service_config" />
74-->src/main/AndroidManifest.xml:52:17-69
75        </service>
76
77        <provider
78            android:name="androidx.core.content.FileProvider"
78-->src/main/AndroidManifest.xml:56:13-62
79            android:authorities="com.etc.aihelper.fileprovider"
79-->src/main/AndroidManifest.xml:57:13-64
80            android:exported="false"
80-->src/main/AndroidManifest.xml:58:13-37
81            android:grantUriPermissions="true" >
81-->src/main/AndroidManifest.xml:59:13-47
82            <meta-data
82-->src/main/AndroidManifest.xml:60:13-62:54
83                android:name="android.support.FILE_PROVIDER_PATHS"
83-->src/main/AndroidManifest.xml:61:17-67
84                android:resource="@xml/file_paths" />
84-->src/main/AndroidManifest.xml:62:17-51
85        </provider>
86        <provider
86-->[androidx.emoji2:emoji2:1.2.0] AndroidManifest.xml:24:9-32:20
87            android:name="androidx.startup.InitializationProvider"
87-->[androidx.emoji2:emoji2:1.2.0] AndroidManifest.xml:25:13-67
88            android:authorities="com.etc.aihelper.androidx-startup"
88-->[androidx.emoji2:emoji2:1.2.0] AndroidManifest.xml:26:13-68
89            android:exported="false" >
89-->[androidx.emoji2:emoji2:1.2.0] AndroidManifest.xml:27:13-37
90            <meta-data
90-->[androidx.emoji2:emoji2:1.2.0] AndroidManifest.xml:29:13-31:52
91                android:name="androidx.emoji2.text.EmojiCompatInitializer"
91-->[androidx.emoji2:emoji2:1.2.0] AndroidManifest.xml:30:17-75
92                android:value="androidx.startup" />
92-->[androidx.emoji2:emoji2:1.2.0] AndroidManifest.xml:31:17-49
93            <meta-data
93-->[androidx.lifecycle:lifecycle-process:2.4.1] AndroidManifest.xml:31:13-33:52
94                android:name="androidx.lifecycle.ProcessLifecycleInitializer"
94-->[androidx.lifecycle:lifecycle-process:2.4.1] AndroidManifest.xml:32:17-78
95                android:value="androidx.startup" />
95-->[androidx.lifecycle:lifecycle-process:2.4.1] AndroidManifest.xml:33:17-49
96        </provider>
97    </application>
98
99</manifest>